c:\users\derpi\documents\github\sp3\sp3_framework\library\debug\library.pdb
c:\users\derpi\documents\github\sp3\sp3_framework\library\debug\library.idb
c:\users\derpi\documents\github\sp3\sp3_framework\library\debug\stopwatch.obj
c:\users\derpi\documents\github\sp3\sp3_framework\library\debug\vector3.obj
c:\users\derpi\documents\github\sp3\sp3_framework\library\debug\loadobj.obj
c:\users\derpi\documents\github\sp3\sp3_framework\library\debug\imageloader.obj
c:\users\derpi\documents\github\sp3\sp3_framework\library\debug\textrenderer.obj
c:\users\derpi\documents\github\sp3\sp3_framework\library\debug\entity3d.obj
c:\users\derpi\documents\github\sp3\sp3_framework\library\debug\collider.obj
c:\users\derpi\documents\github\sp3\sp3_framework\library\debug\mousecontroller.obj
c:\users\derpi\documents\github\sp3\sp3_framework\library\debug\keyboardcontroller.obj
c:\users\derpi\documents\github\sp3\sp3_framework\library\debug\joystickcontroller.obj
c:\users\derpi\documents\github\sp3\sp3_framework\library\debug\settings.obj
c:\users\derpi\documents\github\sp3\sp3_framework\debug\library.lib
c:\users\derpi\documents\github\sp3\sp3_framework\library\debug\library.tlog\cl.command.1.tlog
c:\users\derpi\documents\github\sp3\sp3_framework\library\debug\library.tlog\cl.read.1.tlog
c:\users\derpi\documents\github\sp3\sp3_framework\library\debug\library.tlog\cl.write.1.tlog
c:\users\derpi\documents\github\sp3\sp3_framework\library\debug\library.tlog\lib-link.read.1.tlog
c:\users\derpi\documents\github\sp3\sp3_framework\library\debug\library.tlog\lib-link.write.1.tlog
c:\users\derpi\documents\github\sp3\sp3_framework\library\debug\library.tlog\lib.command.1.tlog
