  Application.cpp
C:\Users\Beatsmoon\Desktop\A2\A2\DM2231_Base_Framework\App\Source\SoundController\SoundController.h(13,10): fatal error C1083: Cannot open include file: 'includes/irrKlang.h': No such file or directory
  CameraEffects.cpp
  HUD.cpp
C:\Users\Beatsmoon\Desktop\A2\A2\DM2231_Base_Framework\App\Source\SoundController\SoundController.h(13,10): fatal error C1083: Cannot open include file: 'includes/irrKlang.h': No such file or directory
  ProgressBar.cpp
C:\Users\Beatsmoon\Desktop\A2\A2\DM2231_Base_Framework\App\Source\SoundController\SoundController.h(13,10): fatal error C1083: Cannot open include file: 'includes/irrKlang.h': No such file or directory
  CSVReader.cpp
  CSVWriter.cpp
  main.cpp
C:\Users\Beatsmoon\Desktop\A2\A2\DM2231_Base_Framework\App\Source\SoundController\SoundController.h(13,10): fatal error C1083: Cannot open include file: 'includes/irrKlang.h': No such file or directory
  AnimatedSprites.cpp
  Bullets2D.cpp
  Enemy2D.cpp
C:\Users\Beatsmoon\Desktop\A2\A2\DM2231_Base_Framework\App\Source\Scene2D\Enemy2D.cpp(563,26): warning C4244: 'initializing': conversion from 'float' to 'int', possible loss of data
C:\Users\Beatsmoon\Desktop\A2\A2\DM2231_Base_Framework\App\Source\Scene2D\Enemy2D.cpp(571,52): warning C4244: '=': conversion from 'float' to 'T', possible loss of data
          with
          [
              T=glm::i32
          ]
C:\Users\Beatsmoon\Desktop\A2\A2\DM2231_Base_Framework\App\Source\Scene2D\Enemy2D.cpp(631,26): warning C4244: 'initializing': conversion from 'float' to 'int', possible loss of data
C:\Users\Beatsmoon\Desktop\A2\A2\DM2231_Base_Framework\App\Source\Scene2D\Enemy2D.cpp(639,65): warning C4244: '=': conversion from 'float' to 'T', possible loss of data
          with
          [
              T=glm::i32
          ]
  Entity2D.cpp
  Entity2DFactory.cpp
  Map2D.cpp
  Physics2D.cpp
  Player2D.cpp
C:\Users\Beatsmoon\Desktop\A2\A2\DM2231_Base_Framework\App\Source\Scene2D\Player2D.cpp(320,27): warning C4244: 'initializing': conversion from 'ULONGLONG' to 'float', possible loss of data
C:\Users\Beatsmoon\Desktop\A2\A2\DM2231_Base_Framework\App\Source\Scene2D\Player2D.cpp(869,26): warning C4244: 'initializing': conversion from 'float' to 'int', possible loss of data
C:\Users\Beatsmoon\Desktop\A2\A2\DM2231_Base_Framework\App\Source\Scene2D\Player2D.cpp(877,52): warning C4244: '=': conversion from 'float' to 'T', possible loss of data
          with
          [
              T=glm::i32
          ]
C:\Users\Beatsmoon\Desktop\A2\A2\DM2231_Base_Framework\App\Source\Scene2D\Player2D.cpp(930,26): warning C4244: 'initializing': conversion from 'float' to 'int', possible loss of data
C:\Users\Beatsmoon\Desktop\A2\A2\DM2231_Base_Framework\App\Source\Scene2D\Player2D.cpp(938,65): warning C4244: '=': conversion from 'float' to 'T', possible loss of data
          with
          [
              T=glm::i32
          ]
  Scene2D.cpp
  Camera.cpp
  CrossHair.cpp
  Enemy3D.cpp
C:\Users\Beatsmoon\Desktop\A2\A2\DM2231_Base_Framework\App\Source\SoundController\SoundController.h(13,10): fatal error C1083: Cannot open include file: 'includes/irrKlang.h': No such file or directory
  EntityManager.cpp
C:\Users\Beatsmoon\Desktop\A2\A2\DM2231_Base_Framework\App\Source\SoundController\SoundController.h(13,10): fatal error C1083: Cannot open include file: 'includes/irrKlang.h': No such file or directory
  Compiling...
  GroundMap.cpp
  GroundTile.cpp
  Minimap.cpp
  Physics3D.cpp
  Player3D.cpp
C:\Users\Beatsmoon\Desktop\A2\A2\DM2231_Base_Framework\App\Source\SoundController\SoundController.h(13,10): fatal error C1083: Cannot open include file: 'includes/irrKlang.h': No such file or directory
  Scene3D.cpp
C:\Users\Beatsmoon\Desktop\A2\A2\DM2231_Base_Framework\App\Source\SoundController\SoundController.h(13,10): fatal error C1083: Cannot open include file: 'includes/irrKlang.h': No such file or directory
  SkyBox.cpp
  Structure3D.cpp
C:\Users\Beatsmoon\Desktop\A2\A2\DM2231_Base_Framework\App\Source\SoundController\SoundController.h(13,10): fatal error C1083: Cannot open include file: 'includes/irrKlang.h': No such file or directory
  Projectile.cpp
  Weapon.cpp
C:\Users\Beatsmoon\Desktop\A2\A2\DM2231_Base_Framework\App\Source\SoundController\SoundController.h(13,10): fatal error C1083: Cannot open include file: 'includes/irrKlang.h': No such file or directory
  WeaponInfo.cpp
C:\Users\Beatsmoon\Desktop\A2\A2\DM2231_Base_Framework\App\Source\SoundController\SoundController.h(13,10): fatal error C1083: Cannot open include file: 'includes/irrKlang.h': No such file or directory
  SoundController.cpp
C:\Users\Beatsmoon\Desktop\A2\A2\DM2231_Base_Framework\App\Source\SoundController\SoundController.h(13,10): fatal error C1083: Cannot open include file: 'includes/irrKlang.h': No such file or directory
  SoundInfo.cpp
C:\Users\Beatsmoon\Desktop\A2\A2\DM2231_Base_Framework\App\Source\SoundController\SoundInfo.h(10,10): fatal error C1083: Cannot open include file: 'includes/irrKlang.h': No such file or directory
  FPSCounter.cpp
