c:\users\derpi\documents\github\sp3\sp3_framework\app\debug\vc142.pdb
c:\users\derpi\documents\github\sp3\sp3_framework\app\debug\vc142.idb
c:\users\derpi\documents\github\sp3\sp3_framework\app\debug\player2d.obj
c:\users\derpi\documents\github\sp3\sp3_framework\app\debug\physics2d.obj
c:\users\derpi\documents\github\sp3\sp3_framework\app\debug\map2d.obj
c:\users\derpi\documents\github\sp3\sp3_framework\app\debug\entity2dfactory.obj
c:\users\derpi\documents\github\sp3\sp3_framework\app\debug\entity2d.obj
c:\users\derpi\documents\github\sp3\sp3_framework\app\debug\enemy2d.obj
c:\users\derpi\documents\github\sp3\sp3_framework\app\debug\bullets2d.obj
c:\users\derpi\documents\github\sp3\sp3_framework\app\debug\animatedsprites.obj
c:\users\derpi\documents\github\sp3\sp3_framework\app\debug\mtx44.obj
c:\users\derpi\documents\github\sp3\sp3_framework\app\debug\meshbuilder.obj
c:\users\derpi\documents\github\sp3\sp3_framework\app\debug\mesh.obj
c:\users\derpi\documents\github\sp3\sp3_framework\app\debug\matrixstack.obj
c:\users\derpi\documents\github\sp3\sp3_framework\app\debug\main.obj
c:\users\derpi\documents\github\sp3\sp3_framework\app\debug\csvwriter.obj
c:\users\derpi\documents\github\sp3\sp3_framework\app\debug\csvreader.obj
c:\users\derpi\documents\github\sp3\sp3_framework\app\debug\shop.obj
c:\users\derpi\documents\github\sp3\sp3_framework\app\debug\progressbar.obj
c:\users\derpi\documents\github\sp3\sp3_framework\app\debug\hud.obj
c:\users\derpi\documents\github\sp3\sp3_framework\app\debug\cameraeffects.obj
c:\users\derpi\documents\github\sp3\sp3_framework\app\debug\application.obj
c:\users\derpi\documents\github\sp3\sp3_framework\app\debug\fpscounter.obj
c:\users\derpi\documents\github\sp3\sp3_framework\app\debug\soundinfo.obj
c:\users\derpi\documents\github\sp3\sp3_framework\app\debug\soundcontroller.obj
c:\users\derpi\documents\github\sp3\sp3_framework\app\debug\weaponinfo.obj
c:\users\derpi\documents\github\sp3\sp3_framework\app\debug\weapon.obj
c:\users\derpi\documents\github\sp3\sp3_framework\app\debug\projectile.obj
c:\users\derpi\documents\github\sp3\sp3_framework\app\debug\structure3d.obj
c:\users\derpi\documents\github\sp3\sp3_framework\app\debug\skybox.obj
c:\users\derpi\documents\github\sp3\sp3_framework\app\debug\scene3d.obj
c:\users\derpi\documents\github\sp3\sp3_framework\app\debug\player3d.obj
c:\users\derpi\documents\github\sp3\sp3_framework\app\debug\physics3d.obj
c:\users\derpi\documents\github\sp3\sp3_framework\app\debug\minimap.obj
c:\users\derpi\documents\github\sp3\sp3_framework\app\debug\groundtile.obj
c:\users\derpi\documents\github\sp3\sp3_framework\app\debug\groundmap.obj
c:\users\derpi\documents\github\sp3\sp3_framework\app\debug\entitymanager.obj
c:\users\derpi\documents\github\sp3\sp3_framework\app\debug\enemy3d.obj
c:\users\derpi\documents\github\sp3\sp3_framework\app\debug\crosshair.obj
c:\users\derpi\documents\github\sp3\sp3_framework\app\debug\camera.obj
c:\users\derpi\documents\github\sp3\sp3_framework\app\debug\scene2d.obj
c:\users\derpi\documents\github\sp3\sp3_framework\debug\app.exe
c:\users\derpi\documents\github\sp3\sp3_framework\debug\app.ilk
c:\users\derpi\documents\github\sp3\sp3_framework\debug\app.pdb
c:\users\derpi\documents\github\sp3\sp3_framework\app\debug\app.tlog\cl.command.1.tlog
c:\users\derpi\documents\github\sp3\sp3_framework\app\debug\app.tlog\cl.read.1.tlog
c:\users\derpi\documents\github\sp3\sp3_framework\app\debug\app.tlog\cl.write.1.tlog
c:\users\derpi\documents\github\sp3\sp3_framework\app\debug\app.tlog\link.command.1.tlog
c:\users\derpi\documents\github\sp3\sp3_framework\app\debug\app.tlog\link.read.1.tlog
c:\users\derpi\documents\github\sp3\sp3_framework\app\debug\app.tlog\link.write.1.tlog
